<?xml version="1.0" encoding="UTF-8"?>
<testsuite name="com.webfluxdemo.reactiverestservice.ReactiveRestServiceApplicationTests" tests="1" skipped="0" failures="0" errors="0" timestamp="2021-09-08T05:58:43" hostname="NY-PC" time="0.33">
  <properties/>
  <testcase name="contextLoads()" classname="com.webfluxdemo.reactiverestservice.ReactiveRestServiceApplicationTests" time="0.33"/>
  <system-out><![CDATA[13:58:41.177 [Test worker] DEBUG org.springframework.test.context.BootstrapUtils - Instantiating CacheAwareContextLoaderDelegate from class [org.springframework.test.context.cache.DefaultCacheAwareContextLoaderDelegate]
13:58:41.193 [Test worker] DEBUG org.springframework.test.context.BootstrapUtils - Instantiating BootstrapContext using constructor [public org.springframework.test.context.support.DefaultBootstrapContext(java.lang.Class,org.springframework.test.context.CacheAwareContextLoaderDelegate)]
13:58:41.225 [Test worker] DEBUG org.springframework.test.context.BootstrapUtils - Instantiating TestContextBootstrapper for test class [com.webfluxdemo.reactiverestservice.ReactiveRestServiceApplicationTests] from class [org.springframework.boot.test.context.SpringBootTestContextBootstrapper]
13:58:41.237 [Test worker] INFO org.springframework.boot.test.context.SpringBootTestContextBootstrapper - Neither @ContextConfiguration nor @ContextHierarchy found for test class [com.webfluxdemo.reactiverestservice.ReactiveRestServiceApplicationTests], using SpringBootContextLoader
13:58:41.241 [Test worker] DEBUG org.springframework.test.context.support.AbstractContextLoader - Did not detect default resource location for test class [com.webfluxdemo.reactiverestservice.ReactiveRestServiceApplicationTests]: class path resource [com/webfluxdemo/reactiverestservice/ReactiveRestServiceApplicationTests-context.xml] does not exist
13:58:41.241 [Test worker] DEBUG org.springframework.test.context.support.AbstractContextLoader - Did not detect default resource location for test class [com.webfluxdemo.reactiverestservice.ReactiveRestServiceApplicationTests]: class path resource [com/webfluxdemo/reactiverestservice/ReactiveRestServiceApplicationTestsContext.groovy] does not exist
13:58:41.241 [Test worker] INFO org.springframework.test.context.support.AbstractContextLoader - Could not detect default resource locations for test class [com.webfluxdemo.reactiverestservice.ReactiveRestServiceApplicationTests]: no resource found for suffixes {-context.xml, Context.groovy}.
13:58:41.241 [Test worker] INFO org.springframework.test.context.support.AnnotationConfigContextLoaderUtils - Could not detect default configuration classes for test class [com.webfluxdemo.reactiverestservice.ReactiveRestServiceApplicationTests]: ReactiveRestServiceApplicationTests does not declare any static, non-private, non-final, nested classes annotated with @Configuration.
13:58:41.292 [Test worker] DEBUG org.springframework.test.context.support.ActiveProfilesUtils - Could not find an 'annotation declaring class' for annotation type [org.springframework.test.context.ActiveProfiles] and class [com.webfluxdemo.reactiverestservice.ReactiveRestServiceApplicationTests]
13:58:41.360 [Test worker] DEBUG org.springframework.context.annotation.ClassPathScanningCandidateComponentProvider - Identified candidate component class: file [C:\Users\nayya\Documents\GitHub\spring-webflux-demo\build\classes\java\main\com\webfluxdemo\reactiverestservice\ReactiveRestServiceApplication.class]
13:58:41.361 [Test worker] INFO org.springframework.boot.test.context.SpringBootTestContextBootstrapper - Found @SpringBootConfiguration com.webfluxdemo.reactiverestservice.ReactiveRestServiceApplication for test class com.webfluxdemo.reactiverestservice.ReactiveRestServiceApplicationTests
13:58:41.468 [Test worker] DEBUG org.springframework.boot.test.context.SpringBootTestContextBootstrapper - @TestExecutionListeners is not present for class [com.webfluxdemo.reactiverestservice.ReactiveRestServiceApplicationTests]: using defaults.
13:58:41.468 [Test worker] INFO org.springframework.boot.test.context.SpringBootTestContextBootstrapper - Loaded default TestExecutionListener class names from location [META-INF/spring.factories]: [org.springframework.boot.test.autoconfigure.restdocs.RestDocsTestExecutionListener, org.springframework.boot.test.autoconfigure.web.client.MockRestServiceServerResetTestExecutionListener, org.springframework.boot.test.autoconfigure.web.servlet.MockMvcPrintOnlyOnFailureTestExecutionListener, org.springframework.boot.test.autoconfigure.web.servlet.WebDriverTestExecutionListener, org.springframework.boot.test.autoconfigure.webservices.client.MockWebServiceServerTestExecutionListener, org.springframework.boot.test.mock.mockito.MockitoTestExecutionListener, org.springframework.boot.test.mock.mockito.ResetMocksTestExecutionListener, org.springframework.test.context.web.ServletTestExecutionListener, org.springframework.test.context.support.DirtiesContextBeforeModesTestExecutionListener, org.springframework.test.context.event.ApplicationEventsTestExecutionListener, org.springframework.test.context.support.DependencyInjectionTestExecutionListener, org.springframework.test.context.support.DirtiesContextTestExecutionListener, org.springframework.test.context.transaction.TransactionalTestExecutionListener, org.springframework.test.context.jdbc.SqlScriptsTestExecutionListener, org.springframework.test.context.event.EventPublishingTestExecutionListener]
13:58:41.480 [Test worker] DEBUG org.springframework.boot.test.context.SpringBootTestContextBootstrapper - Skipping candidate TestExecutionListener [org.springframework.test.context.web.ServletTestExecutionListener] due to a missing dependency. Specify custom listener classes or make the default listener classes and their required dependencies available. Offending class: [javax/servlet/ServletContext]
13:58:41.480 [Test worker] DEBUG org.springframework.boot.test.context.SpringBootTestContextBootstrapper - Skipping candidate TestExecutionListener [org.springframework.test.context.transaction.TransactionalTestExecutionListener] due to a missing dependency. Specify custom listener classes or make the default listener classes and their required dependencies available. Offending class: [org/springframework/transaction/interceptor/TransactionAttributeSource]
13:58:41.484 [Test worker] DEBUG org.springframework.boot.test.context.SpringBootTestContextBootstrapper - Skipping candidate TestExecutionListener [org.springframework.test.context.jdbc.SqlScriptsTestExecutionListener] due to a missing dependency. Specify custom listener classes or make the default listener classes and their required dependencies available. Offending class: [org/springframework/transaction/interceptor/TransactionAttribute]
13:58:41.484 [Test worker] INFO org.springframework.boot.test.context.SpringBootTestContextBootstrapper - Using TestExecutionListeners: [org.springframework.test.context.support.DirtiesContextBeforeModesTestExecutionListener@691690e1, org.springframework.test.context.event.ApplicationEventsTestExecutionListener@3e493cc2, org.springframework.boot.test.mock.mockito.MockitoTestExecutionListener@2989222f, org.springframework.boot.test.autoconfigure.SpringBootDependencyInjectionTestExecutionListener@7dc47113, org.springframework.test.context.support.DirtiesContextTestExecutionListener@200877d2, org.springframework.test.context.event.EventPublishingTestExecutionListener@5750f03d, org.springframework.boot.test.autoconfigure.restdocs.RestDocsTestExecutionListener@372828a2, org.springframework.boot.test.autoconfigure.web.client.MockRestServiceServerResetTestExecutionListener@693a8bbd, org.springframework.boot.test.autoconfigure.web.servlet.MockMvcPrintOnlyOnFailureTestExecutionListener@aefd7af, org.springframework.boot.test.autoconfigure.web.servlet.WebDriverTestExecutionListener@5a6e1fd7, org.springframework.boot.test.autoconfigure.webservices.client.MockWebServiceServerTestExecutionListener@2c754100, org.springframework.boot.test.mock.mockito.ResetMocksTestExecutionListener@11af4050]
13:58:41.489 [Test worker] DEBUG org.springframework.test.context.support.AbstractDirtiesContextTestExecutionListener - Before test class: context [DefaultTestContext@714d77c testClass = ReactiveRestServiceApplicationTests, testInstance = [null], testMethod = [null], testException = [null], mergedContextConfiguration = [ReactiveWebMergedContextConfiguration@6e650d46 testClass = ReactiveRestServiceApplicationTests, locations = '{}', classes = '{class com.webfluxdemo.reactiverestservice.ReactiveRestServiceApplication}', contextInitializerClasses = '[]', activeProfiles = '{}', propertySourceLocations = '{}', propertySourceProperties = '{org.springframework.boot.test.context.SpringBootTestContextBootstrapper=true}', contextCustomizers = set[org.springframework.boot.test.autoconfigure.actuate.metrics.MetricsExportContextCustomizerFactory$DisableMetricExportContextCustomizer@21867083, org.springframework.boot.test.autoconfigure.properties.PropertyMappingContextCustomizer@0, org.springframework.boot.test.autoconfigure.web.servlet.WebDriverContextCustomizerFactory$Customizer@574e7180, org.springframework.boot.test.context.filter.ExcludeFilterContextCustomizer@3982f069, org.springframework.boot.test.json.DuplicateJsonObjectContextCustomizerFactory$DuplicateJsonObjectContextCustomizer@3bb96e68, org.springframework.boot.test.mock.mockito.MockitoContextCustomizer@0, org.springframework.boot.test.web.client.TestRestTemplateContextCustomizer@4946e240, org.springframework.boot.test.web.reactive.server.WebTestClientContextCustomizer@4332a4e9, org.springframework.boot.test.context.SpringBootTestArgs@1, org.springframework.boot.test.context.SpringBootTestWebEnvironment@e54e800], contextLoader = 'org.springframework.boot.test.context.SpringBootContextLoader', parent = [null]], attributes = map[[empty]]], class annotated with @DirtiesContext [false] with mode [null].
13:58:41.500 [Test worker] DEBUG org.springframework.test.context.support.DependencyInjectionTestExecutionListener - Performing dependency injection for test context [[DefaultTestContext@714d77c testClass = ReactiveRestServiceApplicationTests, testInstance = com.webfluxdemo.reactiverestservice.ReactiveRestServiceApplicationTests@439b984c, testMethod = [null], testException = [null], mergedContextConfiguration = [ReactiveWebMergedContextConfiguration@6e650d46 testClass = ReactiveRestServiceApplicationTests, locations = '{}', classes = '{class com.webfluxdemo.reactiverestservice.ReactiveRestServiceApplication}', contextInitializerClasses = '[]', activeProfiles = '{}', propertySourceLocations = '{}', propertySourceProperties = '{org.springframework.boot.test.context.SpringBootTestContextBootstrapper=true}', contextCustomizers = set[org.springframework.boot.test.autoconfigure.actuate.metrics.MetricsExportContextCustomizerFactory$DisableMetricExportContextCustomizer@21867083, org.springframework.boot.test.autoconfigure.properties.PropertyMappingContextCustomizer@0, org.springframework.boot.test.autoconfigure.web.servlet.WebDriverContextCustomizerFactory$Customizer@574e7180, org.springframework.boot.test.context.filter.ExcludeFilterContextCustomizer@3982f069, org.springframework.boot.test.json.DuplicateJsonObjectContextCustomizerFactory$DuplicateJsonObjectContextCustomizer@3bb96e68, org.springframework.boot.test.mock.mockito.MockitoContextCustomizer@0, org.springframework.boot.test.web.client.TestRestTemplateContextCustomizer@4946e240, org.springframework.boot.test.web.reactive.server.WebTestClientContextCustomizer@4332a4e9, org.springframework.boot.test.context.SpringBootTestArgs@1, org.springframework.boot.test.context.SpringBootTestWebEnvironment@e54e800], contextLoader = 'org.springframework.boot.test.context.SpringBootContextLoader', parent = [null]], attributes = map['org.springframework.test.context.event.ApplicationEventsTestExecutionListener.recordApplicationEvents' -> false]]].
13:58:41.547 [Test worker] DEBUG org.springframework.test.context.support.TestPropertySourceUtils - Adding inlined properties to environment: {spring.jmx.enabled=false, org.springframework.boot.test.context.SpringBootTestContextBootstrapper=true}

  .   ____          _            __ _ _
 /\\ / ___'_ __ _ _(_)_ __  __ _ \ \ \ \
( ( )\___ | '_ | '_| | '_ \/ _` | \ \ \ \
 \\/  ___)| |_)| | | | | || (_| |  ) ) ) )
  '  |____| .__|_| |_|_| |_\__, | / / / /
 =========|_|==============|___/=/_/_/_/
 :: Spring Boot ::                (v2.5.4)

2021-09-08 13:58:41.816  INFO 8420 --- [    Test worker] .w.r.ReactiveRestServiceApplicationTests : Starting ReactiveRestServiceApplicationTests using Java 11.0.9 on NY-PC with PID 8420 (started by nayya in C:\Users\nayya\Documents\GitHub\spring-webflux-demo)
2021-09-08 13:58:41.816  INFO 8420 --- [    Test worker] .w.r.ReactiveRestServiceApplicationTests : No active profile set, falling back to default profiles: default
2021-09-08 13:58:43.174  INFO 8420 --- [    Test worker] .w.r.ReactiveRestServiceApplicationTests : Started ReactiveRestServiceApplicationTests in 1.615 seconds (JVM running for 3.578)
]]></system-out>
  <system-err><![CDATA[]]></system-err>
</testsuite>
